# JRE version: OpenJDK Runtime Environment (7.0_79-b14) (build 1.7.0_79-b14)
# Java VM: OpenJDK Server VM (24.79-b02 mixed mode linux-x86 )
Heap
 def new generation   total 59008K, used 2141K [0x9b200000, 0x9f200000, 0x9f200000)
  eden space 52480K,   4% used [0x9b200000, 0x9b40f7c8, 0x9e540000)
  from space 6528K,   0% used [0x9eba0000, 0x9eba8010, 0x9f200000)
  to   space 6528K,   0% used [0x9e540000, 0x9e540000, 0x9eba0000)
 concurrent mark-sweep generation total 196608K, used 159030K [0x9f200000, 0xab200000, 0xab200000)
 concurrent-mark-sweep perm gen total 54872K, used 32970K [0xab200000, 0xae796000, 0xb3200000)
GC Heap History (10 events):
Event: 517391.944 GC heap before
{Heap before GC invocations=29603 (full 49):
 def new generation   total 59008K, used 52517K [0x9b200000, 0x9f200000, 0x9f200000)
  eden space 52480K, 100% used [0x9b200000, 0x9e540000, 0x9e540000)
  from space 6528K,   0% used [0x9e540000, 0x9e549758, 0x9eba0000)
  to   space 6528K,   0% used [0x9eba0000, 0x9eba0000, 0x9f200000)
 concurrent mark-sweep generation total 196608K, used 159025K [0x9f200000, 0xab200000, 0xab200000)
 concurrent-mark-sweep perm gen total 54872K, used 32961K [0xab200000, 0xae796000, 0xb3200000)
Event: 517391.945 GC heap after
Heap after GC invocations=29604 (full 49):
 def new generation   total 59008K, used 38K [0x9b200000, 0x9f200000, 0x9f200000)
  eden space 52480K,   0% used [0x9b200000, 0x9b200000, 0x9e540000)
  from space 6528K,   0% used [0x9eba0000, 0x9eba99b8, 0x9f200000)
  to   space 6528K,   0% used [0x9e540000, 0x9e540000, 0x9eba0000)
 concurrent mark-sweep generation total 196608K, used 159025K [0x9f200000, 0xab200000, 0xab200000)
 concurrent-mark-sweep perm gen total 54872K, used 32961K [0xab200000, 0xae796000, 0xb3200000)
}
Event: 517409.894 GC heap before
{Heap before GC invocations=29604 (full 49):
 def new generation   total 59008K, used 52518K [0x9b200000, 0x9f200000, 0x9f200000)
  eden space 52480K, 100% used [0x9b200000, 0x9e540000, 0x9e540000)
  from space 6528K,   0% used [0x9eba0000, 0x9eba99b8, 0x9f200000)
  to   space 6528K,   0% used [0x9e540000, 0x9e540000, 0x9eba0000)
 concurrent mark-sweep generation total 196608K, used 159025K [0x9f200000, 0xab200000, 0xab200000)
 concurrent-mark-sweep perm gen total 54872K, used 32961K [0xab200000, 0xae796000, 0xb3200000)
Event: 517409.895 GC heap after
Heap after GC invocations=29605 (full 49):
 def new generation   total 59008K, used 37K [0x9b200000, 0x9f200000, 0x9f200000)
  eden space 52480K,   0% used [0x9b200000, 0x9b200000, 0x9e540000)
  from space 6528K,   0% used [0x9e540000, 0x9e549660, 0x9eba0000)
  to   space 6528K,   0% used [0x9eba0000, 0x9eba0000, 0x9f200000)
 concurrent mark-sweep generation total 196608K, used 159026K [0x9f200000, 0xab200000, 0xab200000)
 concurrent-mark-sweep perm gen total 54872K, used 32961K [0xab200000, 0xae796000, 0xb3200000)
}
Event: 517427.794 GC heap before
{Heap before GC invocations=29605 (full 49):
 def new generation   total 59008K, used 52517K [0x9b200000, 0x9f200000, 0x9f200000)
  eden space 52480K, 100% used [0x9b200000, 0x9e540000, 0x9e540000)
  from space 6528K,   0% used [0x9e540000, 0x9e549660, 0x9eba0000)
  to   space 6528K,   0% used [0x9eba0000, 0x9eba0000, 0x9f200000)
 concurrent mark-sweep generation total 196608K, used 159026K [0x9f200000, 0xab200000, 0xab200000)
 concurrent-mark-sweep perm gen total 54872K, used 32961K [0xab200000, 0xae796000, 0xb3200000)
Event: 517427.795 GC heap after
Heap after GC invocations=29606 (full 49):
 def new generation   total 59008K, used 36K [0x9b200000, 0x9f200000, 0x9f200000)
  eden space 52480K,   0% used [0x9b200000, 0x9b200000, 0x9e540000)
  from space 6528K,   0% used [0x9eba0000, 0x9eba90e0, 0x9f200000)
  to   space 6528K,   0% used [0x9e540000, 0x9e540000, 0x9eba0000)
 concurrent mark-sweep generation total 196608K, used 159029K [0x9f200000, 0xab200000, 0xab200000)
 concurrent-mark-sweep perm gen total 54872K, used 32961K [0xab200000, 0xae796000, 0xb3200000)
}
Event: 517446.767 GC heap before
{Heap before GC invocations=29606 (full 49):
 def new generation   total 59008K, used 52516K [0x9b200000, 0x9f200000, 0x9f200000)
  eden space 52480K, 100% used [0x9b200000, 0x9e540000, 0x9e540000)
  from space 6528K,   0% used [0x9eba0000, 0x9eba90e0, 0x9f200000)
  to   space 6528K,   0% used [0x9e540000, 0x9e540000, 0x9eba0000)
 concurrent mark-sweep generation total 196608K, used 159029K [0x9f200000, 0xab200000, 0xab200000)
 concurrent-mark-sweep perm gen total 54872K, used 32961K [0xab200000, 0xae796000, 0xb3200000)
Event: 517446.864 GC heap after
Heap after GC invocations=29607 (full 49):
 def new generation   total 59008K, used 32K [0x9b200000, 0x9f200000, 0x9f200000)
  eden space 52480K,   0% used [0x9b200000, 0x9b200000, 0x9e540000)
  from space 6528K,   0% used [0x9e540000, 0x9e5481b8, 0x9eba0000)
  to   space 6528K,   0% used [0x9eba0000, 0x9eba0000, 0x9f200000)
 concurrent mark-sweep generation total 196608K, used 159029K [0x9f200000, 0xab200000, 0xab200000)
 concurrent-mark-sweep perm gen total 54872K, used 32961K [0xab200000, 0xae796000, 0xb3200000)
}
Event: 517465.025 GC heap before
{Heap before GC invocations=29607 (full 49):
 def new generation   total 59008K, used 52512K [0x9b200000, 0x9f200000, 0x9f200000)
  eden space 52480K, 100% used [0x9b200000, 0x9e540000, 0x9e540000)
  from space 6528K,   0% used [0x9e540000, 0x9e5481b8, 0x9eba0000)
  to   space 6528K,   0% used [0x9eba0000, 0x9eba0000, 0x9f200000)
 concurrent mark-sweep generation total 196608K, used 159029K [0x9f200000, 0xab200000, 0xab200000)
 concurrent-mark-sweep perm gen total 54872K, used 32961K [0xab200000, 0xae796000, 0xb3200000)
Event: 517467.300 GC heap after
Heap after GC invocations=29608 (full 49):
 def new generation   total 59008K, used 32K [0x9b200000, 0x9f200000, 0x9f200000)
  eden space 52480K,   0% used [0x9b200000, 0x9b200000, 0x9e540000)
  from space 6528K,   0% used [0x9eba0000, 0x9eba8010, 0x9f200000)
  to   space 6528K,   0% used [0x9e540000, 0x9e540000, 0x9eba0000)
 concurrent mark-sweep generation total 196608K, used 159030K [0x9f200000, 0xab200000, 0xab200000)
 concurrent-mark-sweep perm gen total 54872K, used 32961K [0xab200000, 0xae796000, 0xb3200000)
}

